2019-12-17 09:38:35.947  INFO 20948 --- [restartedMain] com.xt.XterpApplication                  : Starting XterpApplication on huangjianing with PID 20948 (E:\Y2\xterp\target\classes started by 29682 in E:\Y2\xterp)
2019-12-17 09:38:35.952  INFO 20948 --- [restartedMain] com.xt.XterpApplication                  : No active profile set, falling back to default profiles: default
2019-12-17 09:38:36.216  INFO 20948 --- [restartedMain] .e.DevToolsPropertyDefaultsPostProcessor : Devtools property defaults active! Set 'spring.devtools.add-properties' to 'false' to disable
2019-12-17 09:38:36.216  INFO 20948 --- [restartedMain] .e.DevToolsPropertyDefaultsPostProcessor : For additional web related logging consider setting the 'logging.level.web' property to 'DEBUG'
2019-12-17 09:38:38.523  INFO 20948 --- [restartedMain] .s.d.r.c.RepositoryConfigurationDelegate : Bootstrapping Spring Data repositories in DEFAULT mode.
2019-12-17 09:38:38.550  INFO 20948 --- [restartedMain] .s.d.r.c.RepositoryConfigurationDelegate : Finished Spring Data repository scanning in 21ms. Found 0 repository interfaces.
2019-12-17 09:38:38.875  INFO 20948 --- [restartedMain] trationDelegate$BeanPostProcessorChecker : Bean 'org.springframework.transaction.annotation.ProxyTransactionManagementConfiguration' of type [org.springframework.transaction.annotation.ProxyTransactionManagementConfiguration] is not eligible for getting processed by all BeanPostProcessors (for example: not eligible for auto-proxying)
2019-12-17 09:38:39.265  INFO 20948 --- [restartedMain] o.s.b.w.embedded.tomcat.TomcatWebServer  : Tomcat initialized with port(s): 8080 (http)
2019-12-17 09:38:39.275  INFO 20948 --- [restartedMain] o.apache.catalina.core.StandardService   : Starting service [Tomcat]
2019-12-17 09:38:39.275  INFO 20948 --- [restartedMain] org.apache.catalina.core.StandardEngine  : Starting Servlet engine: [Apache Tomcat/9.0.27]
2019-12-17 09:38:39.465  INFO 20948 --- [restartedMain] o.a.c.c.C.[Tomcat].[localhost].[/]       : Initializing Spring embedded WebApplicationContext
2019-12-17 09:38:39.466  INFO 20948 --- [restartedMain] o.s.web.context.ContextLoader            : Root WebApplicationContext: initialization completed in 3249 ms
2019-12-17 09:38:40.405  INFO 20948 --- [restartedMain] o.s.s.concurrent.ThreadPoolTaskExecutor  : Initializing ExecutorService 'applicationTaskExecutor'
2019-12-17 09:38:40.520  INFO 20948 --- [restartedMain] o.s.b.a.w.s.WelcomePageHandlerMapping    : Adding welcome page template: index
2019-12-17 09:38:41.513  INFO 20948 --- [restartedMain] o.s.b.d.a.OptionalLiveReloadServer       : LiveReload server is running on port 35729
2019-12-17 09:38:41.557  INFO 20948 --- [restartedMain] o.s.b.w.embedded.tomcat.TomcatWebServer  : Tomcat started on port(s): 8080 (http) with context path ''
2019-12-17 09:38:41.559  INFO 20948 --- [restartedMain] com.xt.XterpApplication                  : Started XterpApplication in 6.539 seconds (JVM running for 9.175)
2019-12-17 09:42:16.616  INFO 20948 --- [http-nio-8080-exec-1] o.a.c.c.C.[Tomcat].[localhost].[/]       : Initializing Spring DispatcherServlet 'dispatcherServlet'
2019-12-17 09:42:16.617  INFO 20948 --- [http-nio-8080-exec-1] o.s.web.servlet.DispatcherServlet        : Initializing Servlet 'dispatcherServlet'
2019-12-17 09:42:16.626  INFO 20948 --- [http-nio-8080-exec-1] o.s.web.servlet.DispatcherServlet        : Completed initialization in 9 ms
2019-12-17 09:42:16.831  INFO 20948 --- [http-nio-8080-exec-1] com.zaxxer.hikari.HikariDataSource       : HikariPool-1 - Starting...
2019-12-17 09:42:17.228  INFO 20948 --- [http-nio-8080-exec-1] com.zaxxer.hikari.HikariDataSource       : HikariPool-1 - Start completed.
